<?xml version="1.0" encoding="UTF-8"?>
<testng-results ignored="0" total="3" passed="3" failed="0" skipped="0">
  <reporter-output>
  </reporter-output>
  <suite started-at="2021-10-20T18:23:07 IST" name="Default suite" finished-at="2021-10-20T18:23:57 IST" duration-ms="50562">
    <groups>
    </groups>
    <test started-at="2021-10-20T18:23:07 IST" name="Default test" finished-at="2021-10-20T18:23:57 IST" duration-ms="50562">
      <class name="TestClasses.AddMobileToCart">
        <test-method is-config="true" signature="beforeClass()[pri:0, instance:TestClasses.AddMobileToCart@769f71a9]" started-at="2021-10-20T18:23:07 IST" name="beforeClass" finished-at="2021-10-20T18:23:17 IST" duration-ms="10224" status="PASS">
          <reporter-output>
          </reporter-output>
        </test-method> <!-- beforeClass -->
        <test-method is-config="true" signature="beforeMethod()[pri:0, instance:TestClasses.AddMobileToCart@769f71a9]" started-at="2021-10-20T18:23:17 IST" name="beforeMethod" finished-at="2021-10-20T18:23:17 IST" duration-ms="1" status="PASS">
          <reporter-output>
          </reporter-output>
        </test-method> <!-- beforeMethod -->
        <test-method signature="test1()[pri:0, instance:TestClasses.AddMobileToCart@769f71a9]" started-at="2021-10-20T18:23:17 IST" name="test1" finished-at="2021-10-20T18:23:32 IST" duration-ms="15242" status="PASS">
          <reporter-output>
          </reporter-output>
        </test-method> <!-- test1 -->
        <test-method is-config="true" signature="afterMethod()[pri:0, instance:TestClasses.AddMobileToCart@769f71a9]" started-at="2021-10-20T18:23:32 IST" name="afterMethod" finished-at="2021-10-20T18:23:32 IST" duration-ms="0" status="PASS">
          <reporter-output>
          </reporter-output>
        </test-method> <!-- afterMethod -->
        <test-method signature="test1()[pri:0, instance:TestClasses.AddMobileToCart@769f71a9]" started-at="2021-10-20T18:23:32 IST" name="test1" finished-at="2021-10-20T18:23:45 IST" duration-ms="12341" status="PASS">
          <reporter-output>
          </reporter-output>
        </test-method> <!-- test1 -->
        <test-method is-config="true" signature="beforeMethod()[pri:0, instance:TestClasses.AddMobileToCart@769f71a9]" started-at="2021-10-20T18:23:32 IST" name="beforeMethod" finished-at="2021-10-20T18:23:32 IST" duration-ms="0" status="PASS">
          <reporter-output>
          </reporter-output>
        </test-method> <!-- beforeMethod -->
        <test-method is-config="true" signature="afterMethod()[pri:0, instance:TestClasses.AddMobileToCart@769f71a9]" started-at="2021-10-20T18:23:45 IST" name="afterMethod" finished-at="2021-10-20T18:23:45 IST" duration-ms="0" status="PASS">
          <reporter-output>
          </reporter-output>
        </test-method> <!-- afterMethod -->
        <test-method signature="test1()[pri:0, instance:TestClasses.AddMobileToCart@769f71a9]" started-at="2021-10-20T18:23:45 IST" name="test1" finished-at="2021-10-20T18:23:57 IST" duration-ms="12699" status="PASS">
          <reporter-output>
          </reporter-output>
        </test-method> <!-- test1 -->
        <test-method is-config="true" signature="beforeMethod()[pri:0, instance:TestClasses.AddMobileToCart@769f71a9]" started-at="2021-10-20T18:23:45 IST" name="beforeMethod" finished-at="2021-10-20T18:23:45 IST" duration-ms="0" status="PASS">
          <reporter-output>
          </reporter-output>
        </test-method> <!-- beforeMethod -->
        <test-method is-config="true" signature="afterMethod()[pri:0, instance:TestClasses.AddMobileToCart@769f71a9]" started-at="2021-10-20T18:23:57 IST" name="afterMethod" finished-at="2021-10-20T18:23:57 IST" duration-ms="0" status="PASS">
          <reporter-output>
          </reporter-output>
        </test-method> <!-- afterMethod -->
        <test-method is-config="true" signature="afterClass()[pri:0, instance:TestClasses.AddMobileToCart@769f71a9]" started-at="2021-10-20T18:23:57 IST" name="afterClass" finished-at="2021-10-20T18:23:57 IST" duration-ms="1" status="PASS">
          <reporter-output>
          </reporter-output>
        </test-method> <!-- afterClass -->
      </class> <!-- TestClasses.AddMobileToCart -->
    </test> <!-- Default test -->
  </suite> <!-- Default suite -->
</testng-results>
