<?xml version="1.0" encoding="UTF-8"?>
<!-- Generated by org.testng.reporters.JUnitXMLReporter -->
<testsuite ignored="0" hostname="DESKTOP-8QG8CLM" failures="0" tests="3" name="Default test" time="50.562" errors="0" timestamp="2021-10-20T18:23:57 IST">
  <testcase classname="TestClasses.AddMobileToCart" name="test1" time="15.242"/>
  <testcase classname="TestClasses.AddMobileToCart" name="test1" time="12.341"/>
  <testcase classname="TestClasses.AddMobileToCart" name="test1" time="12.699"/>
</testsuite> <!-- Default test -->
